# JRE version: Java(TM) SE Runtime Environment (8.0_191-b12) (build 1.8.0_191-b12)
# Java VM: Java HotSpot(TM) 64-Bit Server VM (25.191-b12 mixed mode linux-amd64 )
Heap:
 garbage-first heap   total 7340032K, used 267842K [0x00007f4318000000, 0x00007f431a000700, 0x00007f8198000000)
  region size 32768K, 1 young (32768K), 1 survivors (32768K)
 Metaspace       used 5859K, capacity 6226K, committed 6400K, reserved 8192K
GC Heap History (10 events):
Event: 2.395 GC heap after
Heap after GC invocations=4 (full 0):
 garbage-first heap   total 458752K, used 115556K [0x00007f4318000000, 0x00007f431a000070, 0x00007f8198000000)
  region size 32768K, 1 young (32768K), 1 survivors (32768K)
 Metaspace       used 5778K, capacity 6162K, committed 6400K, reserved 8192K
}
Event: 2.448 GC heap before
{Heap before GC invocations=4 (full 0):
 garbage-first heap   total 458752K, used 148324K [0x00007f4318000000, 0x00007f431a000070, 0x00007f8198000000)
  region size 32768K, 2 young (65536K), 1 survivors (32768K)
 Metaspace       used 5778K, capacity 6162K, committed 6400K, reserved 8192K
Event: 2.515 GC heap after
Heap after GC invocations=5 (full 0):
 garbage-first heap   total 458752K, used 149757K [0x00007f4318000000, 0x00007f431a000070, 0x00007f8198000000)
  region size 32768K, 1 young (32768K), 1 survivors (32768K)
 Metaspace       used 5778K, capacity 6162K, committed 6400K, reserved 8192K
}
Event: 2.605 GC heap before
{Heap before GC invocations=5 (full 0):
 garbage-first heap   total 458752K, used 182525K [0x00007f4318000000, 0x00007f431a000070, 0x00007f8198000000)
  region size 32768K, 2 young (65536K), 1 survivors (32768K)
 Metaspace       used 5778K, capacity 6162K, committed 6400K, reserved 8192K
Event: 2.697 GC heap after
Heap after GC invocations=6 (full 0):
 garbage-first heap   total 917504K, used 200143K [0x00007f4318000000, 0x00007f431a0000e0, 0x00007f8198000000)
  region size 32768K, 1 young (32768K), 1 survivors (32768K)
 Metaspace       used 5778K, capacity 6162K, committed 6400K, reserved 8192K
}
Event: 2.816 GC heap before
{Heap before GC invocations=6 (full 0):
 garbage-first heap   total 917504K, used 254277K [0x00007f4318000000, 0x00007f431a0000e0, 0x00007f8198000000)
  region size 32768K, 2 young (65536K), 1 survivors (32768K)
 Metaspace       used 5857K, capacity 6226K, committed 6400K, reserved 8192K
Event: 2.891 GC heap after
Heap after GC invocations=7 (full 0):
 garbage-first heap   total 1835008K, used 262651K [0x00007f4318000000, 0x00007f431a0001c0, 0x00007f8198000000)
  region size 32768K, 1 young (32768K), 1 survivors (32768K)
 Metaspace       used 5857K, capacity 6226K, committed 6400K, reserved 8192K
}
Event: 2.946 GC heap before
{Heap before GC invocations=7 (full 0):
 garbage-first heap   total 1835008K, used 295419K [0x00007f4318000000, 0x00007f431a0001c0, 0x00007f8198000000)
  region size 32768K, 2 young (65536K), 1 survivors (32768K)
 Metaspace       used 5859K, capacity 6226K, committed 6400K, reserved 8192K
Event: 3.001 GC heap after
Heap after GC invocations=8 (full 0):
 garbage-first heap   total 3670016K, used 270588K [0x00007f4318000000, 0x00007f431a000380, 0x00007f8198000000)
  region size 32768K, 1 young (32768K), 1 survivors (32768K)
 Metaspace       used 5859K, capacity 6226K, committed 6400K, reserved 8192K
}
Event: 3.148 GC heap before
{Heap before GC invocations=8 (full 0):
 garbage-first heap   total 3670016K, used 401660K [0x00007f4318000000, 0x00007f431a000380, 0x00007f8198000000)
  region size 32768K, 5 young (163840K), 1 survivors (32768K)
 Metaspace       used 5859K, capacity 6226K, committed 6400K, reserved 8192K

